GitHub/Android-Cookbook-Examples/FindMeX/build/outputs/logs/manifest-merger-debug-report.txt
-- Merging decision tree log ---
manifest
ADDED from Android-Cookbook-Examples/FindMeX/AndroidManifest.xml:2:1-48:12
	package
		ADDED from Android-Cookbook-Examples/FindMeX/AndroidManifest.xml:3:7-41
	android:versionName
		ADDED from Android-Cookbook-Examples/FindMeX/AndroidManifest.xml:5:7-32
		INJECTED from Android-Cookbook-Examples/FindMeX/AndroidManifest.xml
		INJECTED from Android-Cookbook-Examples/FindMeX/AndroidManifest.xml
	android:versionCode
		ADDED from Android-Cookbook-Examples/FindMeX/AndroidManifest.xml:4:7-30
		INJECTED from Android-Cookbook-Examples/FindMeX/AndroidManifest.xml
		INJECTED from Android-Cookbook-Examples/FindMeX/AndroidManifest.xml
	xmlns:android
		ADDED from Android-Cookbook-Examples/FindMeX/AndroidManifest.xml:2:11-69
uses-sdk
ADDED from Android-Cookbook-Examples/FindMeX/AndroidManifest.xml:7:5-8:40
MERGED from [com.android.support:appcompat-v7:26.0.0-alpha1] AndroidManifest.xml:21:5-23:78
MERGED from [com.android.support:support-v4:26.0.0-alpha1] AndroidManifest.xml:21:5-23:54
MERGED from [com.android.support:support-media-compat:26.0.0-alpha1] AndroidManifest.xml:21:5-23:63
MERGED from [com.android.support:support-fragment:26.0.0-alpha1] AndroidManifest.xml:21:5-23:60
MERGED from [com.android.support:support-core-ui:26.0.0-alpha1] AndroidManifest.xml:21:5-23:58
MERGED from [com.android.support:support-core-utils:26.0.0-alpha1] AndroidManifest.xml:21:5-23:61
MERGED from [com.android.support:animated-vector-drawable:26.0.0-alpha1] AndroidManifest.xml:20:5-44
MERGED from [com.android.support:support-vector-drawable:26.0.0-alpha1] AndroidManifest.xml:20:5-44
MERGED from [com.android.support:support-compat:26.0.0-alpha1] AndroidManifest.xml:21:5-23:58
	tools:overrideLibrary
		ADDED from [com.android.support:appcompat-v7:26.0.0-alpha1] AndroidManifest.xml:23:9-75
	android:targetSdkVersion
		ADDED from Android-Cookbook-Examples/FindMeX/AndroidManifest.xml:8:9-38
		INJECTED from Android-Cookbook-Examples/FindMeX/AndroidManifest.xml
		INJECTED from Android-Cookbook-Examples/FindMeX/AndroidManifest.xml
	android:minSdkVersion
		ADDED from Android-Cookbook-Examples/FindMeX/AndroidManifest.xml:7:15-40
		INJECTED from Android-Cookbook-Examples/FindMeX/AndroidManifest.xml
		INJECTED from Android-Cookbook-Examples/FindMeX/AndroidManifest.xml
uses-permission#android.permission.INTERNET
ADDED from Android-Cookbook-Examples/FindMeX/AndroidManifest.xml:10:5-66
	android:name
		ADDED from Android-Cookbook-Examples/FindMeX/AndroidManifest.xml:10:22-64
uses-permission#android.permission.ACCESS_FINE_LOCATION
ADDED from Android-Cookbook-Examples/FindMeX/AndroidManifest.xml:11:5-78
	android:name
		ADDED from Android-Cookbook-Examples/FindMeX/AndroidManifest.xml:11:22-76
uses-permission#android.permission.ACCESS_MOCK_LOCATION
ADDED from Android-Cookbook-Examples/FindMeX/AndroidManifest.xml:12:5-79
	android:name
		ADDED from Android-Cookbook-Examples/FindMeX/AndroidManifest.xml:12:22-76
application
ADDED from Android-Cookbook-Examples/FindMeX/AndroidManifest.xml:14:5-47:19
MERGED from [com.android.support:appcompat-v7:26.0.0-alpha1] AndroidManifest.xml:29:5-20
MERGED from [com.android.support:support-v4:26.0.0-alpha1] AndroidManifest.xml:29:5-20
MERGED from [com.android.support:support-media-compat:26.0.0-alpha1] AndroidManifest.xml:29:5-20
MERGED from [com.android.support:support-fragment:26.0.0-alpha1] AndroidManifest.xml:29:5-20
MERGED from [com.android.support:support-core-ui:26.0.0-alpha1] AndroidManifest.xml:29:5-20
MERGED from [com.android.support:support-core-utils:26.0.0-alpha1] AndroidManifest.xml:29:5-20
MERGED from [com.android.support:animated-vector-drawable:26.0.0-alpha1] AndroidManifest.xml:26:5-20
MERGED from [com.android.support:support-vector-drawable:26.0.0-alpha1] AndroidManifest.xml:26:5-20
MERGED from [com.android.support:support-compat:26.0.0-alpha1] AndroidManifest.xml:29:5-20
	android:label
		ADDED from Android-Cookbook-Examples/FindMeX/AndroidManifest.xml:15:9-41
	android:allowBackup
		ADDED from Android-Cookbook-Examples/FindMeX/AndroidManifest.xml:17:6-33
	android:icon
		ADDED from Android-Cookbook-Examples/FindMeX/AndroidManifest.xml:14:18-47
	android:theme
		ADDED from Android-Cookbook-Examples/FindMeX/AndroidManifest.xml:16:6-53
uses-library#com.google.android.maps
ADDED from Android-Cookbook-Examples/FindMeX/AndroidManifest.xml:19:6-61
	android:name
		ADDED from Android-Cookbook-Examples/FindMeX/AndroidManifest.xml:19:20-58
activity#com.halfclosed.wordpress.Splash
ADDED from Android-Cookbook-Examples/FindMeX/AndroidManifest.xml:21:9-27:20
	android:screenOrientation
		ADDED from Android-Cookbook-Examples/FindMeX/AndroidManifest.xml:22:10-46
	android:name
		ADDED from Android-Cookbook-Examples/FindMeX/AndroidManifest.xml:21:19-41
intent-filter#android.intent.action.MAIN+android.intent.category.LAUNCHER
ADDED from Android-Cookbook-Examples/FindMeX/AndroidManifest.xml:23:13-26:29
action#android.intent.action.MAIN
ADDED from Android-Cookbook-Examples/FindMeX/AndroidManifest.xml:24:17-69
	android:name
		ADDED from Android-Cookbook-Examples/FindMeX/AndroidManifest.xml:24:25-66
category#android.intent.category.LAUNCHER
ADDED from Android-Cookbook-Examples/FindMeX/AndroidManifest.xml:25:17-77
	android:name
		ADDED from Android-Cookbook-Examples/FindMeX/AndroidManifest.xml:25:27-74
activity#com.halfclosed.wordpress.Search
ADDED from Android-Cookbook-Examples/FindMeX/AndroidManifest.xml:28:3-34:14
	android:screenOrientation
		ADDED from Android-Cookbook-Examples/FindMeX/AndroidManifest.xml:29:4-40
	android:name
		ADDED from Android-Cookbook-Examples/FindMeX/AndroidManifest.xml:28:13-35
intent-filter#android.intent.category.DEFAULT+com.halfclosed.wordpress.SEARCH
ADDED from Android-Cookbook-Examples/FindMeX/AndroidManifest.xml:30:4-33:20
action#com.halfclosed.wordpress.SEARCH
ADDED from Android-Cookbook-Examples/FindMeX/AndroidManifest.xml:31:5-62
	android:name
		ADDED from Android-Cookbook-Examples/FindMeX/AndroidManifest.xml:31:13-59
category#android.intent.category.DEFAULT
ADDED from Android-Cookbook-Examples/FindMeX/AndroidManifest.xml:32:5-64
	android:name
		ADDED from Android-Cookbook-Examples/FindMeX/AndroidManifest.xml:32:15-61
activity#com.halfclosed.wordpress.Progress
ADDED from Android-Cookbook-Examples/FindMeX/AndroidManifest.xml:35:3-40:14
	android:name
		ADDED from Android-Cookbook-Examples/FindMeX/AndroidManifest.xml:35:13-37
intent-filter#android.intent.category.DEFAULT+com.halfclosed.wordpress.PROGRESS
ADDED from Android-Cookbook-Examples/FindMeX/AndroidManifest.xml:36:4-39:20
action#com.halfclosed.wordpress.PROGRESS
ADDED from Android-Cookbook-Examples/FindMeX/AndroidManifest.xml:37:5-64
	android:name
		ADDED from Android-Cookbook-Examples/FindMeX/AndroidManifest.xml:37:13-61
activity#com.halfclosed.wordpress.Results
ADDED from Android-Cookbook-Examples/FindMeX/AndroidManifest.xml:41:3-46:14
	android:name
		ADDED from Android-Cookbook-Examples/FindMeX/AndroidManifest.xml:41:13-36
intent-filter#android.intent.category.DEFAULT+com.halfclosed.wordpress.RESULTS
ADDED from Android-Cookbook-Examples/FindMeX/AndroidManifest.xml:42:4-45:20
action#com.halfclosed.wordpress.RESULTS
ADDED from Android-Cookbook-Examples/FindMeX/AndroidManifest.xml:43:5-63
	android:name
		ADDED from Android-Cookbook-Examples/FindMeX/AndroidManifest.xml:43:13-60
meta-data#android.support.VERSION
ADDED from [com.android.support:appcompat-v7:26.0.0-alpha1] AndroidManifest.xml:25:5-27:41
MERGED from [com.android.support:support-v4:26.0.0-alpha1] AndroidManifest.xml:25:5-27:41
MERGED from [com.android.support:support-media-compat:26.0.0-alpha1] AndroidManifest.xml:25:5-27:41
MERGED from [com.android.support:support-fragment:26.0.0-alpha1] AndroidManifest.xml:25:5-27:41
MERGED from [com.android.support:support-core-ui:26.0.0-alpha1] AndroidManifest.xml:25:5-27:41
MERGED from [com.android.support:support-core-utils:26.0.0-alpha1] AndroidManifest.xml:25:5-27:41
MERGED from [com.android.support:animated-vector-drawable:26.0.0-alpha1] AndroidManifest.xml:22:5-24:41
MERGED from [com.android.support:support-vector-drawable:26.0.0-alpha1] AndroidManifest.xml:22:5-24:41
MERGED from [com.android.support:support-compat:26.0.0-alpha1] AndroidManifest.xml:25:5-27:41
	android:value
		ADDED from [com.android.support:appcompat-v7:26.0.0-alpha1] AndroidManifest.xml:27:9-38
	android:name
		ADDED from [com.android.support:appcompat-v7:26.0.0-alpha1] AndroidManifest.xml:26:9-47